<?xml version="1.0" encoding="UTF-8"?>
<testsuite xmlns:xsi="http://www.w3.org/2001/XMLSchema-instance" xsi:noNamespaceSchemaLocation="https://maven.apache.org/surefire/maven-surefire-plugin/xsd/surefire-test-report-3.0.xsd" version="3.0" name="com.java_programming.problem_solving.ProblemSolvingApplicationTests" time="12.719" tests="1" errors="0" skipped="0" failures="0">
  <properties>
[...]
</properties>
  <testcase name="contextLoads" classname="com.java_programming.problem_solving.ProblemSolvingApplicationTests" time="2.767">
    <system-out><![CDATA[19:51:37.012 [main] INFO org.springframework.test.context.support.AnnotationConfigContextLoaderUtils -- Could not detect default configuration classes for test class [com.java_programming.problem_solving.ProblemSolvingApplicationTests]: ProblemSolvingApplicationTests does not declare any static, non-private, non-final, nested classes annotated with @Configuration.
19:51:37.296 [main] INFO org.springframework.boot.test.context.SpringBootTestContextBootstrapper -- Found @SpringBootConfiguration com.java_programming.problem_solving.ProblemSolvingApplication for test class com.java_programming.problem_solving.ProblemSolvingApplicationTests

  .   ____          _            __ _ _
 /\\ / ___'_ __ _ _(_)_ __  __ _ \ \ \ \
( ( )\___ | '_ | '_| | '_ \/ _` | \ \ \ \
 \\/  ___)| |_)| | | | | || (_| |  ) ) ) )
  '  |____| .__|_| |_|_| |_\__, | / / / /
 =========|_|==============|___/=/_/_/_/
 :: Spring Boot ::                (v3.2.2)

2024-01-20T19:51:38.387+05:30  INFO 5124 --- [           main] c.j.p.ProblemSolvingApplicationTests     : Starting ProblemSolvingApplicationTests using Java 17.0.5 with PID 5124 (started by Sarala Ekanayake in D:\Sarala\test-projects\problem_solving)
2024-01-20T19:51:38.391+05:30  INFO 5124 --- [           main] c.j.p.ProblemSolvingApplicationTests     : No active profile set, falling back to 1 default profile: "default"
2024-01-20T19:51:40.431+05:30  INFO 5124 --- [           main] .s.d.r.c.RepositoryConfigurationDelegate : Bootstrapping Spring Data JDBC repositories in DEFAULT mode.
2024-01-20T19:51:40.494+05:30  INFO 5124 --- [           main] .s.d.r.c.RepositoryConfigurationDelegate : Finished Spring Data repository scanning in 45 ms. Found 0 JDBC repository interfaces.
2024-01-20T19:51:43.277+05:30  INFO 5124 --- [           main] com.zaxxer.hikari.HikariDataSource       : HikariPool-1 - Starting...
2024-01-20T19:51:45.575+05:30  INFO 5124 --- [           main] com.zaxxer.hikari.pool.HikariPool        : HikariPool-1 - Added connection org.postgresql.jdbc.PgConnection@5e7abaf7
2024-01-20T19:51:45.579+05:30  INFO 5124 --- [           main] com.zaxxer.hikari.HikariDataSource       : HikariPool-1 - Start completed.
2024-01-20T19:51:46.453+05:30  INFO 5124 --- [           main] c.j.p.ProblemSolvingApplicationTests     : Started ProblemSolvingApplicationTests in 8.708 seconds (process running for 11.337)
]]></system-out>
  </testcase>
</testsuite>